Vivado Simulator v2022.2
Copyright 1986-1999, 2001-2022 Xilinx, Inc. All Rights Reserved.
Running: C:/Xilinx/Vivado/2022.2/bin/unwrapped/win64.o/xelab.exe --incr --debug typical --relax --mt 2 -L xil_defaultlib -L secureip --snapshot XOR_SIM_behav xil_defaultlib.XOR_SIM -log elaborate.log 
Using 2 slave threads.
Starting static elaboration
Completed static elaboration
Starting simulation data flow analysis
Completed simulation data flow analysis
Time Resolution for simulation is 1ps
Compiling package std.standard
Compiling package std.textio
Compiling package ieee.std_logic_1164
Compiling package ieee.std_logic_arith
Compiling package ieee.std_logic_unsigned
Compiling architecture flux of entity xil_defaultlib.NOTT [nott_default]
Compiling architecture flux of entity xil_defaultlib.AND_GENERIC [\AND_GENERIC(n=2)\]
Compiling architecture flux of entity xil_defaultlib.OR_GENERIC [\OR_GENERIC(n=2)\]
Compiling architecture behavioral of entity xil_defaultlib.XORR [xorr_default]
Compiling architecture behavioral of entity xil_defaultlib.xor_sim
Built simulation snapshot XOR_SIM_behav
